<?xml version="1.0" encoding="UTF-8" ?>
<testsuites name="vitest tests" tests="9" failures="0" errors="0" time="0.005250083">
    <testsuite name="app/components/feedback/TagsEditor.test.tsx" timestamp="2025-09-16T03:15:11.011Z" hostname="runnervmf4ws1" tests="9" failures="0" errors="0" skipped="0" time="0.005250083">
        <testcase classname="app/components/feedback/TagsEditor.test.tsx" name="TagsEditor component logic &gt; should identify system tags correctly" time="0.001318867">
        </testcase>
        <testcase classname="app/components/feedback/TagsEditor.test.tsx" name="TagsEditor component logic &gt; should handle adding new tags to existing tags object" time="0.000629538">
        </testcase>
        <testcase classname="app/components/feedback/TagsEditor.test.tsx" name="TagsEditor component logic &gt; should handle removing tags from tags object" time="0.000289742">
        </testcase>
        <testcase classname="app/components/feedback/TagsEditor.test.tsx" name="TagsEditor component logic &gt; should handle empty tags object" time="0.000190807">
        </testcase>
        <testcase classname="app/components/feedback/TagsEditor.test.tsx" name="TagsEditor component logic &gt; should process tag entries correctly" time="0.000492291">
        </testcase>
        <testcase classname="app/components/feedback/TagsEditor.test.tsx" name="TagsEditor component logic &gt; should validate tag input properly" time="0.000257712">
        </testcase>
        <testcase classname="app/components/feedback/TagsEditor.test.tsx" name="TagsEditor component logic &gt; should filter out system tags when determining removable tags" time="0.000465812">
        </testcase>
        <testcase classname="app/components/feedback/TagsEditor.test.tsx" name="TagsEditor component logic &gt; should prevent adding system tags" time="0.000166542">
        </testcase>
        <testcase classname="app/components/feedback/TagsEditor.test.tsx" name="TagsEditor component logic &gt; should validate system tag prevention in add logic" time="0.0002723">
        </testcase>
    </testsuite>
</testsuites>
